<?xml version="1.0" encoding="UTF-8"?>
<testsuite xmlns:xsi="http://www.w3.org/2001/XMLSchema-instance" xsi:noNamespaceSchemaLocation="https://maven.apache.org/surefire/maven-failsafe-plugin/xsd/failsafe-test-report.xsd" name="br.com.alura.leilao.integration.service.LanceServiceTest" time="0.193" tests="2" errors="0" skipped="0" failures="0">
  <properties>
[...]
</properties>
  <testcase name="naoDeveAceitarUmLanceDuplicado" classname="br.com.alura.leilao.integration.service.LanceServiceTest" time="0.026"/>
  <testcase name="deveAceitarUmLance" classname="br.com.alura.leilao.integration.service.LanceServiceTest" time="0.003"/>
</testsuite>